<?xml version="1.0" encoding="UTF-8"?>
<testng-results skipped="0" failed="0" ignored="0" total="1" passed="1">
  <reporter-output>
  </reporter-output>
  <suite name="Default suite" duration-ms="28466" started-at="2019-12-10T12:50:49Z" finished-at="2019-12-10T12:51:18Z">
    <groups>
    </groups>
    <test name="Default test" duration-ms="28466" started-at="2019-12-10T12:50:49Z" finished-at="2019-12-10T12:51:18Z">
      <class name="com.training.sanity.tests.Forgotpwd">
        <test-method status="PASS" signature="setUpBeforeClass()[pri:0, instance:com.training.sanity.tests.Forgotpwd@d8355a8]" name="setUpBeforeClass" is-config="true" duration-ms="0" started-at="2019-12-10T18:20:49Z" finished-at="2019-12-10T18:20:49Z">
          <reporter-output>
          </reporter-output>
        </test-method> <!-- setUpBeforeClass -->
        <test-method status="PASS" signature="setUp()[pri:0, instance:com.training.sanity.tests.Forgotpwd@d8355a8]" name="setUp" is-config="true" duration-ms="16949" started-at="2019-12-10T18:20:49Z" finished-at="2019-12-10T18:21:06Z">
          <reporter-output>
          </reporter-output>
        </test-method> <!-- setUp -->
        <test-method status="PASS" signature="validLoginTest()[pri:0, instance:com.training.sanity.tests.Forgotpwd@d8355a8]" name="validLoginTest" duration-ms="11491" started-at="2019-12-10T18:21:06Z" finished-at="2019-12-10T18:21:18Z">
          <reporter-output>
          </reporter-output>
        </test-method> <!-- validLoginTest -->
      </class> <!-- com.training.sanity.tests.Forgotpwd -->
    </test> <!-- Default test -->
  </suite> <!-- Default suite -->
</testng-results>
